Build started 11/15/2015 4:51:48 PM.
     1>Project "C:\Users\Chan\Desktop\CPP\CS 408\CAPP\sortasmOri\sortasmOri\sortasmOri.vcxproj" on node 2 (ClCompile target(s)).
     1>ClCompile:
         C:\Program Files (x86)\Microsoft Visual Studio 12.0\VC\bin\CL.exe /c /ZI /nologo /W3 /WX- /Od /Oy- /D WIN32 /D _DEBUG /D _CONSOLE /D _UNICODE /D UNICODE /Gm /EHsc /RTC1 /MDd /GS /fp:precise /Zc:wchar_t /Zc:forScope /Fo"Debug\\" /Fd"Debug\vc120.pdb" /Gd /TC /analyze- /errorReport:prompt sortasmOri.c
         sortasmOri.c
     1>c:\users\chan\desktop\cpp\cs 408\capp\sortasmori\sortasmori\sortasmori.c(19): error C2079: 'tv' uses undefined struct 'timeval'
     1>c:\users\chan\desktop\cpp\cs 408\capp\sortasmori\sortasmori\sortasmori.c(20): warning C4013: 'gettimeofday' undefined; assuming extern returning int
     1>c:\users\chan\desktop\cpp\cs 408\capp\sortasmori\sortasmori\sortasmori.c(23): error C2224: left of '.tv_sec' must have struct/union type
     1>c:\users\chan\desktop\cpp\cs 408\capp\sortasmori\sortasmori\sortasmori.c(23): error C2224: left of '.tv_usec' must have struct/union type
     1>Done Building Project "C:\Users\Chan\Desktop\CPP\CS 408\CAPP\sortasmOri\sortasmOri\sortasmOri.vcxproj" (ClCompile target(s)) -- FAILED.

Build FAILED.

Time Elapsed 00:00:00.27
